<?xml version="1.0" encoding="UTF-8"?>
<!-- Generated by org.testng.reporters.JUnitReportReporter -->
<testsuite hostname="hplaptop" failures="0" tests="1" name="TestNG1.AxisQA.InvokeChromebrowser" time="29.390" errors="0" timestamp="27 Feb 2024 03:54:33 GMT" skipped="0">
  <testcase classname="TestNG1.AxisQA.InvokeChromebrowser" name="f" time="29.390"/>
</testsuite> <!-- TestNG1.AxisQA.InvokeChromebrowser -->
