<?xml version="1.0" encoding="UTF-8"?>
<!-- Generated by org.testng.reporters.JUnitReportReporter -->
<testsuite hostname="hplaptop" failures="0" tests="1" name="TestNG1.AxisQA.NewTest" time="0.019" errors="0" timestamp="27 Feb 2024 03:54:33 GMT" skipped="0">
  <testcase classname="TestNG1.AxisQA.NewTest" name="testcase1testng" time="0.019"/>
</testsuite> <!-- TestNG1.AxisQA.NewTest -->
