<?xml version="1.0" encoding="UTF-8"?>
<!-- Generated by org.testng.reporters.JUnitReportReporter -->
<testsuite hostname="hplaptop" failures="0" tests="1" name="TestNG1.AxisQA.InvokeChromebrowser" time="16.299" errors="0" timestamp="2024-02-28T11:41:26 IST" skipped="0">
  <testcase classname="TestNG1.AxisQA.InvokeChromebrowser" name="f" time="16.299"/>
  <system-out/>
</testsuite> <!-- TestNG1.AxisQA.InvokeChromebrowser -->
