<?xml version="1.0" encoding="UTF-8"?>
<!-- Generated by org.testng.reporters.JUnitReportReporter -->
<testsuite hostname="hplaptop" failures="0" tests="1" name="TestNG1.AxisQA.InvokeEdge" time="17.810" errors="0" timestamp="2024-02-28T11:41:26 IST" skipped="0">
  <testcase classname="TestNG1.AxisQA.InvokeEdge" name="f" time="17.810"/>
  <system-out/>
</testsuite> <!-- TestNG1.AxisQA.InvokeEdge -->
